<?xml version="1.0" encoding="UTF-8" ?>
<testsuite tests="19" failures="0" name="bank.testrunner.RunTest" time="0.567" errors="0" skipped="0">
  <properties>
    <property name="java.runtime.name" value="Java(TM) SE Runtime Environment"/>
    <property name="sun.boot.library.path" value="C:\Program Files\Java\jdk1.8.0_111\jre\bin"/>
    <property name="java.vm.version" value="25.111-b14"/>
    <property name="java.vm.vendor" value="Oracle Corporation"/>
    <property name="maven.multiModuleProjectDirectory" value="D:\bankingproject\primusbank"/>
    <property name="java.vendor.url" value="http://java.oracle.com/"/>
    <property name="path.separator" value=";"/>
    <property name="guice.disable.misplaced.annotation.check" value="true"/>
    <property name="java.vm.name" value="Java HotSpot(TM) 64-Bit Server VM"/>
    <property name="file.encoding.pkg" value="sun.io"/>
    <property name="user.script" value=""/>
    <property name="user.country" value="IN"/>
    <property name="sun.java.launcher" value="SUN_STANDARD"/>
    <property name="sun.os.patch.level" value=""/>
    <property name="java.vm.specification.name" value="Java Virtual Machine Specification"/>
    <property name="user.dir" value="D:\bankingproject\primusbank"/>
    <property name="java.runtime.version" value="1.8.0_111-b14"/>
    <property name="java.awt.graphicsenv" value="sun.awt.Win32GraphicsEnvironment"/>
    <property name="java.endorsed.dirs" value="C:\Program Files\Java\jdk1.8.0_111\jre\lib\endorsed"/>
    <property name="os.arch" value="amd64"/>
    <property name="java.io.tmpdir" value="C:\Users\KAMALE~1\AppData\Local\Temp\"/>
    <property name="line.separator" value="
"/>
    <property name="java.vm.specification.vendor" value="Oracle Corporation"/>
    <property name="user.variant" value=""/>
    <property name="os.name" value="Windows 8.1"/>
    <property name="classworlds.conf" value="G:\Automation Tools\maven\bin\..\bin\m2.conf"/>
    <property name="sun.jnu.encoding" value="Cp1252"/>
    <property name="java.library.path" value="C:\Program Files\Java\jdk1.8.0_111\bin;C:\Windows\Sun\Java\bin;C:\Windows\system32;C:\Windows;C:\ProgramData\Oracle\Java\javapath;C:\Program Files\Python39\Scripts\;C:\Program Files\Python39\;C:\Program Files\Java\jdk1.8.0_161\bin;G:\Automation Tools\maven\bin;."/>
    <property name="maven.conf" value="G:\Automation Tools\maven\bin\../conf"/>
    <property name="java.specification.name" value="Java Platform API Specification"/>
    <property name="java.class.version" value="52.0"/>
    <property name="sun.management.compiler" value="HotSpot 64-Bit Tiered Compilers"/>
    <property name="os.version" value="6.3"/>
    <property name="library.jansi.path" value="G:\Automation Tools\maven\bin\..\lib\jansi-native"/>
    <property name="user.home" value="C:\Users\Kamalesh S Kulkarni"/>
    <property name="user.timezone" value="Asia/Calcutta"/>
    <property name="java.awt.printerjob" value="sun.awt.windows.WPrinterJob"/>
    <property name="java.specification.version" value="1.8"/>
    <property name="file.encoding" value="Cp1252"/>
    <property name="user.name" value="Kamalesh S Kulkarni"/>
    <property name="java.class.path" value="G:\Automation Tools\maven\bin\..\boot\plexus-classworlds-2.6.0.jar"/>
    <property name="java.vm.specification.version" value="1.8"/>
    <property name="sun.arch.data.model" value="64"/>
    <property name="java.home" value="C:\Program Files\Java\jdk1.8.0_111\jre"/>
    <property name="sun.java.command" value="org.codehaus.plexus.classworlds.launcher.Launcher test"/>
    <property name="java.specification.vendor" value="Oracle Corporation"/>
    <property name="user.language" value="en"/>
    <property name="awt.toolkit" value="sun.awt.windows.WToolkit"/>
    <property name="java.vm.info" value="mixed mode"/>
    <property name="java.version" value="1.8.0_111"/>
    <property name="java.ext.dirs" value="C:\Program Files\Java\jdk1.8.0_111\jre\lib\ext;C:\Windows\Sun\Java\lib\ext"/>
    <property name="sun.boot.class.path" value="C:\Program Files\Java\jdk1.8.0_111\jre\lib\resources.jar;C:\Program Files\Java\jdk1.8.0_111\jre\lib\rt.jar;C:\Program Files\Java\jdk1.8.0_111\jre\lib\sunrsasign.jar;C:\Program Files\Java\jdk1.8.0_111\jre\lib\jsse.jar;C:\Program Files\Java\jdk1.8.0_111\jre\lib\jce.jar;C:\Program Files\Java\jdk1.8.0_111\jre\lib\charsets.jar;C:\Program Files\Java\jdk1.8.0_111\jre\lib\jfr.jar;C:\Program Files\Java\jdk1.8.0_111\jre\classes"/>
    <property name="sun.stderr.encoding" value="cp437"/>
    <property name="java.vendor" value="Oracle Corporation"/>
    <property name="maven.home" value="G:\Automation Tools\maven\bin\.."/>
    <property name="file.separator" value="\"/>
    <property name="java.vendor.url.bug" value="http://bugreport.sun.com/bugreport/"/>
    <property name="sun.cpu.endian" value="little"/>
    <property name="sun.io.unicode.encoding" value="UnicodeLittle"/>
    <property name="sun.stdout.encoding" value="cp437"/>
    <property name="sun.desktop" value="windows"/>
    <property name="sun.cpu.isalist" value="amd64"/>
  </properties>
  <testcase classname="Scenario: Login functionality for valid username and valid password" name="When user opens the &quot;Chrome&quot; browser and exepath &quot;G:\\Automation Tools\\chromedriver_win32\\chromedriver.exe&quot;" time="0.009"/>
  <testcase classname="Scenario: Login functionality for valid username and valid password" name="When user opens the url &quot;http://primusbank.qedgetech.com/&quot;" time="0"/>
  <testcase classname="Scenario: Login functionality for valid username and valid password" name="When user enters &quot;Admin&quot; as a username" time="0"/>
  <testcase classname="Scenario: Login functionality for valid username and valid password" name="When user enters &quot;Admin&quot; as a password" time="0"/>
  <testcase classname="Scenario: Login functionality for valid username and valid password" name="When user click on the &quot;Login&quot; button" time="0"/>
  <testcase classname="Scenario: Login functionality for valid username and valid password" name="Then the user is on the &quot;ADMIN&quot; page and get message as Welcome to Admin" time="0"/>
  <testcase classname="Scenario: Login functionality for valid username and valid password" name="Scenario: Login functionality for valid username and valid password" time="0.448"/>
  <testcase classname="Scenario: Login functionality for valid username and valid password" name="When user opens the &quot;Chrome&quot; browser and exepath &quot;G:\\Automation Tools\\chromedriver_win32\\chromedriver.exe&quot;" time="0"/>
  <testcase classname="Scenario: Login functionality for valid username and valid password" name="When user opens the url &quot;http://primusbank.qedgetech.com/&quot;" time="0"/>
  <testcase classname="Scenario: Login functionality for valid username and valid password" name="When user enters &quot;Admin&quot; as a username" time="0"/>
  <testcase classname="Scenario: Login functionality for valid username and valid password" name="When user enters &quot;Admin&quot; as a password" time="0"/>
  <testcase classname="Scenario: Login functionality for valid username and valid password" name="When user click on the &quot;Login&quot; button" time="0"/>
  <testcase classname="Scenario: Login functionality for valid username and valid password" name="When user able to click on &quot;Branch&quot; button" time="0"/>
  <testcase classname="Scenario: Login functionality for valid username and valid password" name="When user able to select Country as &quot;INDIA&quot;" time="0"/>
  <testcase classname="Scenario: Login functionality for valid username and valid password" name="When user able to select State as &quot;MAHARASTRA&quot;" time="0"/>
  <testcase classname="Scenario: Login functionality for valid username and valid password" name="When user able to select City as &quot;MUMBAI&quot;" time="0"/>
  <testcase classname="Scenario: Login functionality for valid username and valid password" name="When user able to click &quot;Search&quot; button" time="0.001"/>
  <testcase classname="Scenario: Login functionality for valid username and valid password" name="Then user able to see &quot;Mumbai&quot; city results" time="0"/>
  <testcase classname="Scenario: Login functionality for valid username and valid password" name="Scenario: Login functionality for valid username and valid password" time="0.109"/>
</testsuite>